<?xml version="1.0" encoding="UTF-8"?>
<!-- Generated by org.testng.reporters.JUnitReportReporter -->
<testsuite hostname="DESKTOP-MFEPJAV" failures="0" tests="1" name="browserTesting.ChromBrowserTestNG" time="13.133" errors="0" timestamp="2023-03-09T17:02:47 IST" skipped="0">
  <testcase classname="browserTesting.ChromBrowserTestNG" name="logintest" time="13.133"/>
  <system-out/>
</testsuite> <!-- browserTesting.ChromBrowserTestNG -->
