<?xml version="1.0" encoding="UTF-8"?>
<!-- Generated by org.testng.reporters.JUnitReportReporter -->
<testsuite hostname="DESKTOP-MFEPJAV" failures="0" tests="2" name="testNGDemo.TestLogin2" time="16.939" errors="0" timestamp="2023-03-12T13:38:21 IST" skipped="0">
  <testcase classname="testNGDemo.TestLogin2" name="InvalidLogin" time="5.633"/>
  <system-out/>
  <testcase classname="testNGDemo.TestLogin2" name="ValidLogin" time="11.306"/>
  <system-out/>
</testsuite> <!-- testNGDemo.TestLogin2 -->
