<?xml version="1.0" encoding="UTF-8"?>
<!-- Generated by org.testng.reporters.JUnitReportReporter -->
<testsuite hostname="DESKTOP-MFEPJAV" failures="0" tests="1" name="testNGDemo.NewTest" time="21.271" errors="0" timestamp="2023-03-11T09:33:01 IST" skipped="0">
  <testcase classname="testNGDemo.NewTest" name="f" time="21.271"/>
  <system-out/>
</testsuite> <!-- testNGDemo.NewTest -->
