<?xml version="1.0" encoding="UTF-8"?>
<!-- Generated by org.testng.reporters.JUnitReportReporter -->
<testsuite hostname="DESKTOP-MFEPJAV" failures="0" tests="2" name="testNGDemo.TestLogin" time="68.452" errors="0" timestamp="2023-03-11T08:52:56 IST" skipped="0">
  <testcase classname="testNGDemo.TestLogin" name="InvalidLogin" time="5.261"/>
  <system-out/>
  <testcase classname="testNGDemo.TestLogin" name="ValidLogin" time="63.191"/>
  <system-out/>
</testsuite> <!-- testNGDemo.TestLogin -->
